launcher-helper/build/intermediates/manifest_merge_blame_file/debug/processDebugMainManifest/manifest-merger-blame-debug-report.txt
1<?xml version="1.0" encoding="utf-8"?>
2<!-- 2026-07-06 — Permanent Android HOME middle-man; routes to Solar/Rockbox/JJ/custom. -->
3<manifest xmlns:android="http://schemas.android.com/apk/res/android"
4    package="com.solar.launcher.homehelper"
5    android:versionCode="1"
6    android:versionName="1.0.0" >
7
8    <uses-sdk
9        android:minSdkVersion="17"
10        android:targetSdkVersion="35" />
11
12    <uses-permission android:name="android.permission.RECEIVE_BOOT_COMPLETED" />
12-->src/main/AndroidManifest.xml:5:5-81
12-->src/main/AndroidManifest.xml:5:22-78
13    <uses-permission android:name="android.permission.GET_TASKS" />
13-->src/main/AndroidManifest.xml:6:5-68
13-->src/main/AndroidManifest.xml:6:22-65
14
15    <application
15-->src/main/AndroidManifest.xml:8:5-82:19
16        android:allowBackup="false"
16-->src/main/AndroidManifest.xml:9:9-36
17        android:debuggable="true"
18        android:extractNativeLibs="true"
19        android:icon="@android:drawable/ic_menu_compass"
19-->src/main/AndroidManifest.xml:10:9-57
20        android:label="@string/helper_app_name"
20-->src/main/AndroidManifest.xml:11:9-48
21        android:supportsRtl="true"
21-->src/main/AndroidManifest.xml:12:9-35
22        android:theme="@android:style/Theme.DeviceDefault" >
22-->src/main/AndroidManifest.xml:13:9-59
23        <activity
23-->src/main/AndroidManifest.xml:15:9-25:20
24            android:name="com.solar.launcher.homehelper.LauncherHomeActivity"
24-->src/main/AndroidManifest.xml:16:13-49
25            android:exported="true"
25-->src/main/AndroidManifest.xml:17:13-36
26            android:launchMode="singleTask"
26-->src/main/AndroidManifest.xml:18:13-44
27            android:theme="@android:style/Theme.Translucent.NoTitleBar" >
27-->src/main/AndroidManifest.xml:19:13-72
28            <intent-filter>
28-->src/main/AndroidManifest.xml:20:13-24:29
29                <action android:name="android.intent.action.MAIN" />
29-->src/main/AndroidManifest.xml:21:17-69
29-->src/main/AndroidManifest.xml:21:25-66
30
31                <category android:name="android.intent.category.HOME" />
31-->src/main/AndroidManifest.xml:22:17-73
31-->src/main/AndroidManifest.xml:22:27-70
32                <category android:name="android.intent.category.DEFAULT" />
32-->src/main/AndroidManifest.xml:23:17-76
32-->src/main/AndroidManifest.xml:23:27-73
33            </intent-filter>
34        </activity>
35        <activity
35-->src/main/AndroidManifest.xml:27:9-31:78
36            android:name="com.solar.launcher.homehelper.LauncherPickerActivity"
36-->src/main/AndroidManifest.xml:28:13-51
37            android:exported="true"
37-->src/main/AndroidManifest.xml:29:13-36
38            android:launchMode="singleTask"
38-->src/main/AndroidManifest.xml:30:13-44
39            android:theme="@android:style/Theme.DeviceDefault.NoActionBar" />
39-->src/main/AndroidManifest.xml:31:13-75
40        <activity
40-->src/main/AndroidManifest.xml:33:9-37:78
41            android:name="com.solar.launcher.homehelper.HomeTargetGraceActivity"
41-->src/main/AndroidManifest.xml:34:13-52
42            android:exported="false"
42-->src/main/AndroidManifest.xml:35:13-37
43            android:launchMode="singleTask"
43-->src/main/AndroidManifest.xml:36:13-44
44            android:theme="@android:style/Theme.DeviceDefault.NoActionBar" />
44-->src/main/AndroidManifest.xml:37:13-75
45        <activity
45-->src/main/AndroidManifest.xml:39:9-43:75
46            android:name="com.solar.launcher.homehelper.LauncherSwitchPromptActivity"
46-->src/main/AndroidManifest.xml:40:13-57
47            android:exported="false"
47-->src/main/AndroidManifest.xml:41:13-37
48            android:launchMode="singleTask"
48-->src/main/AndroidManifest.xml:42:13-44
49            android:theme="@android:style/Theme.Translucent.NoTitleBar" />
49-->src/main/AndroidManifest.xml:43:13-72
50
51        <service
51-->src/main/AndroidManifest.xml:45:9-48:43
52            android:name="com.solar.launcher.homehelper.LauncherEnforcerService"
52-->src/main/AndroidManifest.xml:46:13-52
53            android:exported="false"
53-->src/main/AndroidManifest.xml:47:13-37
54            android:process=":watchdog" />
54-->src/main/AndroidManifest.xml:48:13-40
55
56        <receiver
56-->src/main/AndroidManifest.xml:50:9-56:20
57            android:name="com.solar.launcher.homehelper.HelperShowLauncherPickerReceiver"
57-->src/main/AndroidManifest.xml:51:13-61
58            android:exported="true" >
58-->src/main/AndroidManifest.xml:52:13-36
59            <intent-filter>
59-->src/main/AndroidManifest.xml:53:13-55:29
60                <action android:name="com.solar.launcher.homehelper.action.SHOW_LAUNCHER_PICKER" />
60-->src/main/AndroidManifest.xml:54:17-100
60-->src/main/AndroidManifest.xml:54:25-97
61            </intent-filter>
62        </receiver>
63        <receiver
63-->src/main/AndroidManifest.xml:58:9-64:20
64            android:name="com.solar.launcher.homehelper.SetHomeTargetReceiver"
64-->src/main/AndroidManifest.xml:59:13-50
65            android:exported="true" >
65-->src/main/AndroidManifest.xml:60:13-36
66            <intent-filter>
66-->src/main/AndroidManifest.xml:61:13-63:29
67                <action android:name="com.solar.launcher.homehelper.action.SET_HOME_TARGET" />
67-->src/main/AndroidManifest.xml:62:17-95
67-->src/main/AndroidManifest.xml:62:25-92
68            </intent-filter>
69        </receiver>
70        <receiver
70-->src/main/AndroidManifest.xml:66:9-73:20
71            android:name="com.solar.launcher.homehelper.LauncherSwitchReceiver"
71-->src/main/AndroidManifest.xml:67:13-51
72            android:exported="true" >
72-->src/main/AndroidManifest.xml:68:13-36
73            <intent-filter>
73-->src/main/AndroidManifest.xml:69:13-72:29
74                <action android:name="com.solar.launcher.homehelper.action.APPLY_HOME_TARGET" />
74-->src/main/AndroidManifest.xml:70:17-97
74-->src/main/AndroidManifest.xml:70:25-94
75                <action android:name="com.solar.launcher.homehelper.action.RESTART_ACTIVE_LAUNCHER" />
75-->src/main/AndroidManifest.xml:71:17-103
75-->src/main/AndroidManifest.xml:71:25-100
76            </intent-filter>
77        </receiver>
78        <receiver
78-->src/main/AndroidManifest.xml:75:9-81:20
79            android:name="com.solar.launcher.homehelper.HelperBootReceiver"
79-->src/main/AndroidManifest.xml:76:13-47
80            android:exported="true" >
80-->src/main/AndroidManifest.xml:77:13-36
81            <intent-filter>
81-->src/main/AndroidManifest.xml:78:13-80:29
82                <action android:name="android.intent.action.BOOT_COMPLETED" />
82-->src/main/AndroidManifest.xml:79:17-79
82-->src/main/AndroidManifest.xml:79:25-76
83            </intent-filter>
84        </receiver>
85    </application>
86
87</manifest>